[20-Nov-2018 07:53:44 UTC] PHP Warning:  call_user_func_array() expects parameter 1 to be a valid callback, function 'university_files' not found or invalid function name in /app/public/wp-includes/class-wp-hook.php on line 286
[21-Nov-2018 00:26:47 UTC] PHP Parse error:  syntax error, unexpected 'wp_enqueue_style' (T_STRING) in /app/public/wp-content/themes/hibachichinese/functions.php on line 6
[21-Nov-2018 05:39:02 UTC] PHP Warning:  count(): Parameter must be an array or an object that implements Countable in /app/public/wp-includes/post-template.php on line 284
[21-Nov-2018 05:40:09 UTC] PHP Fatal error:  Uncaught Error: Call to undefined function pageBanner() in /app/public/wp-content/themes/hibachichinese/index.php:4
Stack trace:
#0 /app/public/wp-includes/template-loader.php(74): include()
#1 /app/public/wp-blog-header.php(19): require_once('/app/public/wp-...')
#2 /app/public/index.php(17): require('/app/public/wp-...')
#3 {main}
  thrown in /app/public/wp-content/themes/hibachichinese/index.php on line 4
[21-Nov-2018 05:42:12 UTC] PHP Fatal error:  Uncaught Error: Call to undefined function pageBanner() in /app/public/wp-content/themes/hibachichinese/index.php:6
Stack trace:
#0 /app/public/wp-includes/template-loader.php(74): include()
#1 /app/public/wp-blog-header.php(19): require_once('/app/public/wp-...')
#2 /app/public/index.php(17): require('/app/public/wp-...')
#3 {main}
  thrown in /app/public/wp-content/themes/hibachichinese/index.php on line 6
[21-Nov-2018 05:42:24 UTC] PHP Fatal error:  Uncaught Error: Call to undefined function pageBanner() in /app/public/wp-content/themes/hibachichinese/index.php:6
Stack trace:
#0 /app/public/wp-includes/template-loader.php(74): include()
#1 /app/public/wp-blog-header.php(19): require_once('/app/public/wp-...')
#2 /app/public/index.php(17): require('/app/public/wp-...')
#3 {main}
  thrown in /app/public/wp-content/themes/hibachichinese/index.php on line 6
[21-Nov-2018 05:42:40 UTC] PHP Fatal error:  Uncaught Error: Call to undefined function pageBanner() in /app/public/wp-content/themes/hibachichinese/index.php:6
Stack trace:
#0 /app/public/wp-includes/template-loader.php(74): include()
#1 /app/public/wp-blog-header.php(19): require_once('/app/public/wp-...')
#2 /app/public/index.php(17): require('/app/public/wp-...')
#3 {main}
  thrown in /app/public/wp-content/themes/hibachichinese/index.php on line 6
[21-Nov-2018 06:25:00 UTC] PHP Parse error:  syntax error, unexpected 'endwhile' (T_ENDWHILE), expecting end of file in /app/public/wp-content/themes/hibachichinese/index.php on line 21
[21-Nov-2018 18:02:53 UTC] WordPress database error Server shutdown in progress for query SELECT option_value FROM wp_options WHERE option_name = '_site_transient_update_core' LIMIT 1 made by include('phar:///usr/local/bin/wp/php/boot-phar.php'), include('phar:///usr/local/bin/wp/vendor/wp-cli/wp-cli/php/wp-cli.php'), WP_CLI\bootstrap, WP_CLI\Bootstrap\LaunchRunner->process, WP_CLI\Runner->start, WP_CLI\Runner->_run_command_and_exit, WP_CLI\Runner->run_command, WP_CLI\Dispatcher\Subcommand->invoke, call_user_func, WP_CLI\Dispatcher\CommandFactory::WP_CLI\Dispatcher\{closure}, call_user_func, Core_Command->check_update, Core_Command->get_updates, wp_version_check, get_site_transient, get_site_option, get_network_option, get_option
[21-Nov-2018 18:02:53 UTC] PHP Warning:  Error while sending QUERY packet. PID=2181 in /app/public/wp-includes/wp-db.php on line 1924
[21-Nov-2018 18:02:53 UTC] PHP Warning:  Error while sending QUERY packet. PID=2250 in /app/public/wp-includes/wp-db.php on line 1924
[23-Nov-2018 21:26:58 UTC] PHP Fatal error:  Uncaught Error: Call to undefined function printr() in /app/public/wp-content/themes/hibachichinese/page-home.php:15
Stack trace:
#0 /app/public/wp-includes/template-loader.php(74): include()
#1 /app/public/wp-blog-header.php(19): require_once('/app/public/wp-...')
#2 /app/public/index.php(17): require('/app/public/wp-...')
#3 {main}
  thrown in /app/public/wp-content/themes/hibachichinese/page-home.php on line 15
[24-Nov-2018 02:21:42 UTC] PHP Fatal error:  Uncaught Error: Call to undefined function printr() in /app/public/wp-content/themes/hibachichinese/page-home.php:36
Stack trace:
#0 /app/public/wp-includes/template-loader.php(74): include()
#1 /app/public/wp-blog-header.php(19): require_once('/app/public/wp-...')
#2 /app/public/index.php(17): require('/app/public/wp-...')
#3 {main}
  thrown in /app/public/wp-content/themes/hibachichinese/page-home.php on line 36
[28-Nov-2018 02:42:52 UTC] PHP Fatal error:  Uncaught Error: Call to undefined function ispage() in /app/public/wp-content/themes/hibachichinese/header.php:15
Stack trace:
#0 /app/public/wp-includes/template.php(688): require_once()
#1 /app/public/wp-includes/template.php(647): load_template('/app/public/wp-...', true)
#2 /app/public/wp-includes/general-template.php(41): locate_template(Array, true)
#3 /app/public/wp-content/themes/hibachichinese/page-home.php(1): get_header()
#4 /app/public/wp-includes/template-loader.php(74): include('/app/public/wp-...')
#5 /app/public/wp-blog-header.php(19): require_once('/app/public/wp-...')
#6 /app/public/index.php(17): require('/app/public/wp-...')
#7 {main}
  thrown in /app/public/wp-content/themes/hibachichinese/header.php on line 15
[28-Nov-2018 02:42:52 UTC] PHP Fatal error:  Uncaught Error: Call to undefined function ispage() in /app/public/wp-content/themes/hibachichinese/header.php:15
Stack trace:
#0 /app/public/wp-includes/template.php(688): require_once()
#1 /app/public/wp-includes/template.php(647): load_template('/app/public/wp-...', true)
#2 /app/public/wp-includes/general-template.php(41): locate_template(Array, true)
#3 /app/public/wp-content/themes/hibachichinese/page-lunch-menu.php(1): get_header()
#4 /app/public/wp-includes/template-loader.php(74): include('/app/public/wp-...')
#5 /app/public/wp-blog-header.php(19): require_once('/app/public/wp-...')
#6 /app/public/index.php(17): require('/app/public/wp-...')
#7 {main}
  thrown in /app/public/wp-content/themes/hibachichinese/header.php on line 15
[28-Nov-2018 02:43:14 UTC] PHP Fatal error:  Uncaught Error: Call to undefined function ispage() in /app/public/wp-content/themes/hibachichinese/header.php:15
Stack trace:
#0 /app/public/wp-includes/template.php(688): require_once()
#1 /app/public/wp-includes/template.php(647): load_template('/app/public/wp-...', true)
#2 /app/public/wp-includes/general-template.php(41): locate_template(Array, true)
#3 /app/public/wp-content/themes/hibachichinese/page-lunch-menu.php(1): get_header()
#4 /app/public/wp-includes/template-loader.php(74): include('/app/public/wp-...')
#5 /app/public/wp-blog-header.php(19): require_once('/app/public/wp-...')
#6 /app/public/index.php(17): require('/app/public/wp-...')
#7 {main}
  thrown in /app/public/wp-content/themes/hibachichinese/header.php on line 15
[28-Nov-2018 02:43:14 UTC] PHP Fatal error:  Uncaught Error: Call to undefined function ispage() in /app/public/wp-content/themes/hibachichinese/header.php:15
Stack trace:
#0 /app/public/wp-includes/template.php(688): require_once()
#1 /app/public/wp-includes/template.php(647): load_template('/app/public/wp-...', true)
#2 /app/public/wp-includes/general-template.php(41): locate_template(Array, true)
#3 /app/public/wp-content/themes/hibachichinese/page-home.php(1): get_header()
#4 /app/public/wp-includes/template-loader.php(74): include('/app/public/wp-...')
#5 /app/public/wp-blog-header.php(19): require_once('/app/public/wp-...')
#6 /app/public/index.php(17): require('/app/public/wp-...')
#7 {main}
  thrown in /app/public/wp-content/themes/hibachichinese/header.php on line 15
[28-Nov-2018 07:03:33 UTC] PHP Recoverable fatal error:  Object of class WP_Query could not be converted to string in /app/public/wp-content/themes/hibachichinese/page-lunch-menu.php on line 29
[28-Nov-2018 07:06:20 UTC] PHP Recoverable fatal error:  Object of class WP_Query could not be converted to string in /app/public/wp-content/themes/hibachichinese/page-lunch-menu.php on line 22
[28-Nov-2018 23:35:37 UTC] PHP Warning:  count(): Parameter must be an array or an object that implements Countable in /app/public/wp-includes/post-template.php on line 284
[29-Nov-2018 00:04:19 UTC] PHP Warning:  trim() expects parameter 1 to be string, array given in /app/public/wp-includes/class-wp-meta-query.php on line 564
[29-Nov-2018 08:21:48 UTC] PHP Warning:  Error while sending QUERY packet. PID=3997 in /app/public/wp-includes/wp-db.php on line 1924
