[20-Nov-2018 05:55:56] NOTICE: fpm is running, pid 16
[20-Nov-2018 05:55:56] NOTICE: ready to handle connections
[20-Nov-2018 17:13:40] NOTICE: fpm is running, pid 54
[20-Nov-2018 17:13:40] NOTICE: ready to handle connections
[21-Nov-2018 17:25:53] NOTICE: fpm is running, pid 55
[21-Nov-2018 17:25:53] NOTICE: ready to handle connections
[21-Nov-2018 18:02:54] NOTICE: Terminating ...
[21-Nov-2018 18:02:54] NOTICE: exiting, bye-bye!
[21-Nov-2018 18:03:00] NOTICE: fpm is running, pid 52
[21-Nov-2018 18:03:00] NOTICE: ready to handle connections
[21-Nov-2018 18:31:36] NOTICE: Terminating ...
[21-Nov-2018 18:31:36] NOTICE: exiting, bye-bye!
[21-Nov-2018 18:31:41] NOTICE: fpm is running, pid 52
[21-Nov-2018 18:31:41] NOTICE: ready to handle connections
[21-Nov-2018 18:48:10] NOTICE: Terminating ...
[21-Nov-2018 18:48:10] NOTICE: exiting, bye-bye!
[21-Nov-2018 18:48:14] NOTICE: fpm is running, pid 53
[21-Nov-2018 18:48:14] NOTICE: ready to handle connections
[21-Nov-2018 18:59:43] NOTICE: Terminating ...
[21-Nov-2018 18:59:43] NOTICE: exiting, bye-bye!
[21-Nov-2018 18:59:48] NOTICE: fpm is running, pid 52
[21-Nov-2018 18:59:48] NOTICE: ready to handle connections
[21-Nov-2018 19:00:43] NOTICE: Terminating ...
[21-Nov-2018 19:00:43] NOTICE: exiting, bye-bye!
[21-Nov-2018 19:00:50] NOTICE: fpm is running, pid 52
[21-Nov-2018 19:00:50] NOTICE: ready to handle connections
[23-Nov-2018 01:22:45] NOTICE: fpm is running, pid 57
[23-Nov-2018 01:22:45] NOTICE: ready to handle connections
[23-Nov-2018 04:46:32] NOTICE: Terminating ...
[23-Nov-2018 04:46:32] NOTICE: exiting, bye-bye!
[23-Nov-2018 04:46:41] NOTICE: fpm is running, pid 53
[23-Nov-2018 04:46:41] NOTICE: ready to handle connections
[23-Nov-2018 17:24:30] NOTICE: fpm is running, pid 55
[23-Nov-2018 17:24:30] NOTICE: ready to handle connections
[24-Nov-2018 17:09:34] NOTICE: fpm is running, pid 54
[24-Nov-2018 17:09:34] NOTICE: ready to handle connections
[25-Nov-2018 17:58:39] NOTICE: fpm is running, pid 55
[25-Nov-2018 17:58:39] NOTICE: ready to handle connections
[26-Nov-2018 08:22:09] NOTICE: Terminating ...
[26-Nov-2018 08:22:09] NOTICE: exiting, bye-bye!
[26-Nov-2018 18:55:02] NOTICE: fpm is running, pid 53
[26-Nov-2018 18:55:02] NOTICE: ready to handle connections
[27-Nov-2018 06:59:54] NOTICE: Terminating ...
[27-Nov-2018 06:59:54] NOTICE: exiting, bye-bye!
[27-Nov-2018 07:00:01] NOTICE: fpm is running, pid 52
[27-Nov-2018 07:00:01] NOTICE: ready to handle connections
[27-Nov-2018 07:14:54] NOTICE: Terminating ...
[27-Nov-2018 07:14:54] NOTICE: exiting, bye-bye!
[27-Nov-2018 07:15:00] NOTICE: fpm is running, pid 52
[27-Nov-2018 07:15:00] NOTICE: ready to handle connections
[27-Nov-2018 20:09:55] NOTICE: fpm is running, pid 55
[27-Nov-2018 20:09:55] NOTICE: ready to handle connections
[27-Nov-2018 21:07:04] NOTICE: Terminating ...
[27-Nov-2018 21:07:04] NOTICE: exiting, bye-bye!
[27-Nov-2018 21:07:08] NOTICE: fpm is running, pid 52
[27-Nov-2018 21:07:08] NOTICE: ready to handle connections
[28-Nov-2018 03:13:38] NOTICE: Terminating ...
[28-Nov-2018 03:13:38] NOTICE: exiting, bye-bye!
[28-Nov-2018 03:13:44] NOTICE: fpm is running, pid 52
[28-Nov-2018 03:13:44] NOTICE: ready to handle connections
[28-Nov-2018 19:49:24] NOTICE: fpm is running, pid 54
[28-Nov-2018 19:49:24] NOTICE: ready to handle connections
[28-Nov-2018 19:51:40] WARNING: [pool www] child 71 exited on signal 15 (SIGTERM) after 136.046634 seconds from start
[28-Nov-2018 19:51:40] NOTICE: [pool www] child 1782 started
[28-Nov-2018 19:51:41] NOTICE: Terminating ...
[28-Nov-2018 19:51:41] NOTICE: exiting, bye-bye!
[28-Nov-2018 19:53:13] NOTICE: fpm is running, pid 53
[28-Nov-2018 19:53:13] NOTICE: ready to handle connections
[29-Nov-2018 08:21:47] NOTICE: Terminating ...
[29-Nov-2018 08:21:47] NOTICE: exiting, bye-bye!
[29-Nov-2018 19:40:10] NOTICE: fpm is running, pid 52
[29-Nov-2018 19:40:10] NOTICE: ready to handle connections
[30-Nov-2018 08:21:26] NOTICE: Terminating ...
[30-Nov-2018 08:21:26] NOTICE: exiting, bye-bye!
[30-Nov-2018 19:32:27] NOTICE: fpm is running, pid 55
[30-Nov-2018 19:32:27] NOTICE: ready to handle connections
[01-Dec-2018 08:17:33] NOTICE: Terminating ...
[01-Dec-2018 08:17:33] NOTICE: exiting, bye-bye!
[03-Dec-2018 00:25:50] NOTICE: fpm is running, pid 56
[03-Dec-2018 00:25:50] NOTICE: ready to handle connections
[03-Dec-2018 21:25:53] NOTICE: fpm is running, pid 55
[03-Dec-2018 21:25:53] NOTICE: ready to handle connections
[04-Dec-2018 18:52:31] NOTICE: fpm is running, pid 56
[04-Dec-2018 18:52:31] NOTICE: ready to handle connections
[05-Dec-2018 18:15:26] NOTICE: fpm is running, pid 59
[05-Dec-2018 18:15:26] NOTICE: ready to handle connections
[05-Dec-2018 18:42:42] WARNING: [pool www] child 75 exited on signal 15 (SIGTERM) after 1635.934453 seconds from start
[05-Dec-2018 18:42:42] NOTICE: [pool www] child 16117 started
[05-Dec-2018 18:42:42] NOTICE: Terminating ...
[05-Dec-2018 18:42:42] NOTICE: exiting, bye-bye!
[05-Dec-2018 18:42:49] NOTICE: fpm is running, pid 52
[05-Dec-2018 18:42:49] NOTICE: ready to handle connections
[06-Dec-2018 08:31:08] NOTICE: Terminating ...
[06-Dec-2018 08:31:08] NOTICE: exiting, bye-bye!
[06-Dec-2018 17:10:22] NOTICE: fpm is running, pid 52
[06-Dec-2018 17:10:22] NOTICE: ready to handle connections
[07-Dec-2018 04:32:57] NOTICE: Terminating ...
[07-Dec-2018 04:32:57] NOTICE: exiting, bye-bye!
[08-Dec-2018 21:09:26] NOTICE: fpm is running, pid 52
[08-Dec-2018 21:09:26] NOTICE: ready to handle connections
[09-Dec-2018 01:45:55] NOTICE: Terminating ...
[09-Dec-2018 01:45:55] NOTICE: exiting, bye-bye!
[09-Dec-2018 03:19:52] NOTICE: fpm is running, pid 52
[09-Dec-2018 03:19:52] NOTICE: ready to handle connections
[09-Dec-2018 03:29:33] NOTICE: Terminating ...
[09-Dec-2018 03:29:33] NOTICE: exiting, bye-bye!
[09-Dec-2018 03:30:56] NOTICE: fpm is running, pid 52
[09-Dec-2018 03:30:56] NOTICE: ready to handle connections
[09-Dec-2018 03:42:35] NOTICE: fpm is running, pid 41
[09-Dec-2018 03:42:35] NOTICE: ready to handle connections
[09-Dec-2018 05:07:52] NOTICE: fpm is running, pid 56
[09-Dec-2018 05:07:52] NOTICE: ready to handle connections
[09-Dec-2018 05:27:17] NOTICE: Terminating ...
[09-Dec-2018 05:27:17] NOTICE: exiting, bye-bye!
[10-Dec-2018 21:07:18] NOTICE: fpm is running, pid 40
[10-Dec-2018 21:07:18] NOTICE: ready to handle connections
[11-Dec-2018 05:32:15] NOTICE: Terminating ...
[11-Dec-2018 05:32:15] NOTICE: exiting, bye-bye!
[11-Dec-2018 06:37:58] NOTICE: fpm is running, pid 52
[11-Dec-2018 06:37:58] NOTICE: ready to handle connections
